<?xml version="1.0" encoding="UTF-8"?>
<!-- Generated by org.testng.reporters.JUnitReportReporter -->
<testsuite hostname="vamshikrishna" failures="0" tests="1" name="TestClasses.AddAgentsTest" time="23.617" errors="0" timestamp="2025-04-16T21:30:49 IST" skipped="0">
  <testcase classname="TestClasses.AddAgentsTest" name="addAgentsTest" time="23.617"/>
  <system-out/>
</testsuite> <!-- TestClasses.AddAgentsTest -->
