<?xml version="1.0" encoding="UTF-8"?>
<!-- Generated by org.testng.reporters.JUnitReportReporter -->
<testsuite hostname="vamshikrishna" failures="0" tests="1" name="TestClasses.FullTeamSetUpTest" time="38.632" errors="0" timestamp="2025-04-14T19:15:21 IST" skipped="0">
  <testcase classname="TestClasses.FullTeamSetUpTest" name="teamSetUpTest" time="38.632"/>
  <system-out/>
</testsuite> <!-- TestClasses.FullTeamSetUpTest -->
