<?xml version="1.0" encoding="UTF-8"?>
<!-- Generated by org.testng.reporters.JUnitReportReporter -->
<testsuite hostname="vamshikrishna" failures="0" tests="1" name="TestClasses.Testng" time="0.019" errors="0" timestamp="2025-04-05T12:12:18 IST" skipped="0">
  <testcase classname="TestClasses.Testng" name="E" time="0.019"/>
  <system-out/>
</testsuite> <!-- TestClasses.Testng -->
