<?xml version="1.0" encoding="UTF-8"?>
<!-- Generated by org.testng.reporters.JUnitReportReporter -->
<testsuite hostname="vamshikrishna" failures="0" tests="1" name="TestClasses.LoginTest" time="16.167" errors="0" timestamp="2025-04-05T12:42:06 IST" skipped="0">
  <testcase classname="TestClasses.LoginTest" name="verifyLogin" time="16.167"/>
  <system-out/>
</testsuite> <!-- TestClasses.LoginTest -->
