<?xml version="1.0" encoding="UTF-8"?>
<!-- Generated by org.testng.reporters.JUnitReportReporter -->
<testsuite hostname="vamshikrishna" failures="0" tests="1" name="TestClasses.VerifyLoginTest" time="96.924" errors="0" timestamp="2025-04-16T21:22:41 IST" skipped="0">
  <testcase classname="TestClasses.VerifyLoginTest" name="verifyLoginTest" time="96.924"/>
  <system-out/>
</testsuite> <!-- TestClasses.VerifyLoginTest -->
