<?xml version="1.0" encoding="UTF-8"?>
<!-- Generated by org.testng.reporters.JUnitReportReporter -->
<testsuite hostname="vamshikrishna" failures="0" tests="1" name="TestClasses.AddAgentsTest" time="21.684" errors="0" timestamp="2025-04-14T18:50:54 IST" skipped="0">
  <testcase classname="TestClasses.AddAgentsTest" name="addAgentsTest" time="21.684"/>
  <system-out/>
</testsuite> <!-- TestClasses.AddAgentsTest -->
